<?xml version="1.0" encoding="UTF-8"?>
<testsuite name="com.example.firstproject.repository.CommentRepositoryTest" tests="1" skipped="0" failures="0" errors="0" timestamp="2024-01-25T09:23:22" hostname="LEEHJ" time="0.511">
  <properties/>
  <testcase name="특정 게시글의 모든 댓글 조회" classname="com.example.firstproject.repository.CommentRepositoryTest" time="0.511"/>
  <system-out><![CDATA[18:23:19.030 [Test worker] INFO org.springframework.test.context.support.AnnotationConfigContextLoaderUtils -- Could not detect default configuration classes for test class [com.example.firstproject.repository.CommentRepositoryTest]: CommentRepositoryTest does not declare any static, non-private, non-final, nested classes annotated with @Configuration.
18:23:19.147 [Test worker] INFO org.springframework.boot.test.context.SpringBootTestContextBootstrapper -- Found @SpringBootConfiguration com.example.firstproject.FirstprojectApplication for test class com.example.firstproject.repository.CommentRepositoryTest

  .   ____          _            __ _ _
 /\\ / ___'_ __ _ _(_)_ __  __ _ \ \ \ \
( ( )\___ | '_ | '_| | '_ \/ _` | \ \ \ \
 \\/  ___)| |_)| | | | | || (_| |  ) ) ) )
  '  |____| .__|_| |_|_| |_\__, | / / / /
 =========|_|==============|___/=/_/_/_/
 :: Spring Boot ::                (v3.2.1)

2024-01-25T18:23:19.461+09:00  INFO 1868 --- [    Test worker] c.e.f.repository.CommentRepositoryTest   : Starting CommentRepositoryTest using Java 21.0.1 with PID 1868 (started by ghaud in C:\firstproject)
2024-01-25T18:23:19.462+09:00  INFO 1868 --- [    Test worker] c.e.f.repository.CommentRepositoryTest   : No active profile set, falling back to 1 default profile: "default"
2024-01-25T18:23:19.825+09:00  INFO 1868 --- [    Test worker] .s.d.r.c.RepositoryConfigurationDelegate : Bootstrapping Spring Data JPA repositories in DEFAULT mode.
2024-01-25T18:23:19.872+09:00  INFO 1868 --- [    Test worker] .s.d.r.c.RepositoryConfigurationDelegate : Finished Spring Data repository scanning in 39 ms. Found 3 JPA repository interfaces.
2024-01-25T18:23:19.913+09:00  INFO 1868 --- [    Test worker] beddedDataSourceBeanFactoryPostProcessor : Replacing 'dataSource' DataSource bean with embedded version
2024-01-25T18:23:20.058+09:00  INFO 1868 --- [    Test worker] o.s.j.d.e.EmbeddedDatabaseFactory        : Starting embedded database: url='jdbc:h2:mem:c279b993-a41b-4a89-a09c-1167204b2d09;DB_CLOSE_DELAY=-1;DB_CLOSE_ON_EXIT=false', username='sa'
2024-01-25T18:23:20.379+09:00  INFO 1868 --- [    Test worker] o.hibernate.jpa.internal.util.LogHelper  : HHH000204: Processing PersistenceUnitInfo [name: default]
2024-01-25T18:23:20.424+09:00  INFO 1868 --- [    Test worker] org.hibernate.Version                    : HHH000412: Hibernate ORM core version 6.4.1.Final
2024-01-25T18:23:20.448+09:00  INFO 1868 --- [    Test worker] o.h.c.internal.RegionFactoryInitiator    : HHH000026: Second-level cache disabled
2024-01-25T18:23:21.127+09:00  INFO 1868 --- [    Test worker] o.s.o.j.p.SpringPersistenceUnitInfo      : No LoadTimeWeaver setup: ignoring JPA class transformer
2024-01-25T18:23:21.826+09:00  INFO 1868 --- [    Test worker] o.h.m.i.EntityInstantiatorPojoStandard   : HHH000182: No default (no-argument) constructor for class: com.example.firstproject.entity.Article_lombok (class must be instantiated by Interceptor)
2024-01-25T18:23:22.046+09:00  INFO 1868 --- [    Test worker] o.h.e.t.j.p.i.JtaPlatformInitiator       : HHH000489: No JTA platform available (set 'hibernate.transaction.jta.platform' to enable JTA platform integration)
2024-01-25T18:23:22.085+09:00 DEBUG 1868 --- [    Test worker] org.hibernate.SQL                        : 
    drop table if exists article cascade 
Hibernate: 
    drop table if exists article cascade 
2024-01-25T18:23:22.088+09:00 DEBUG 1868 --- [    Test worker] org.hibernate.SQL                        : 
    drop table if exists article_lombok cascade 
Hibernate: 
    drop table if exists article_lombok cascade 
2024-01-25T18:23:22.088+09:00 DEBUG 1868 --- [    Test worker] org.hibernate.SQL                        : 
    drop table if exists comment cascade 
Hibernate: 
    drop table if exists comment cascade 
2024-01-25T18:23:22.089+09:00 DEBUG 1868 --- [    Test worker] org.hibernate.SQL                        : 
    drop table if exists member cascade 
Hibernate: 
    drop table if exists member cascade 
2024-01-25T18:23:22.090+09:00 DEBUG 1868 --- [    Test worker] org.hibernate.SQL                        : 
    drop sequence if exists article_lombok_seq
Hibernate: 
    drop sequence if exists article_lombok_seq
2024-01-25T18:23:22.092+09:00 DEBUG 1868 --- [    Test worker] org.hibernate.SQL                        : 
    drop sequence if exists member_seq
Hibernate: 
    drop sequence if exists member_seq
2024-01-25T18:23:22.099+09:00 DEBUG 1868 --- [    Test worker] org.hibernate.SQL                        : 
    create sequence article_lombok_seq start with 1 increment by 50
Hibernate: 
    create sequence article_lombok_seq start with 1 increment by 50
2024-01-25T18:23:22.103+09:00 DEBUG 1868 --- [    Test worker] org.hibernate.SQL                        : 
    create sequence member_seq start with 1 increment by 50
Hibernate: 
    create sequence member_seq start with 1 increment by 50
2024-01-25T18:23:22.107+09:00 DEBUG 1868 --- [    Test worker] org.hibernate.SQL                        : 
    create table article (
        id bigint generated by default as identity,
        content varchar(255),
        title varchar(255),
        primary key (id)
    )
Hibernate: 
    create table article (
        id bigint generated by default as identity,
        content varchar(255),
        title varchar(255),
        primary key (id)
    )
2024-01-25T18:23:22.115+09:00 DEBUG 1868 --- [    Test worker] org.hibernate.SQL                        : 
    create table article_lombok (
        id bigint not null,
        content varchar(255),
        title varchar(255),
        primary key (id)
    )
Hibernate: 
    create table article_lombok (
        id bigint not null,
        content varchar(255),
        title varchar(255),
        primary key (id)
    )
2024-01-25T18:23:22.117+09:00 DEBUG 1868 --- [    Test worker] org.hibernate.SQL                        : 
    create table comment (
        article_id bigint,
        id bigint generated by default as identity,
        body varchar(255),
        nickname varchar(255),
        primary key (id)
    )
Hibernate: 
    create table comment (
        article_id bigint,
        id bigint generated by default as identity,
        body varchar(255),
        nickname varchar(255),
        primary key (id)
    )
2024-01-25T18:23:22.124+09:00 DEBUG 1868 --- [    Test worker] org.hibernate.SQL                        : 
    create table member (
        id bigint not null,
        email varchar(255),
        password varchar(255),
        primary key (id)
    )
Hibernate: 
    create table member (
        id bigint not null,
        email varchar(255),
        password varchar(255),
        primary key (id)
    )
2024-01-25T18:23:22.128+09:00 DEBUG 1868 --- [    Test worker] org.hibernate.SQL                        : 
    alter table if exists comment 
       add constraint FK5yx0uphgjc6ik6hb82kkw501y 
       foreign key (article_id) 
       references article
Hibernate: 
    alter table if exists comment 
       add constraint FK5yx0uphgjc6ik6hb82kkw501y 
       foreign key (article_id) 
       references article
2024-01-25T18:23:22.149+09:00  INFO 1868 --- [    Test worker] j.LocalContainerEntityManagerFactoryBean : Initialized JPA EntityManagerFactory for persistence unit 'default'
2024-01-25T18:23:22.571+09:00  INFO 1868 --- [    Test worker] o.s.d.j.r.query.QueryEnhancerFactory     : Hibernate is in classpath; If applicable, HQL parser will be used.
2024-01-25T18:23:22.816+09:00  INFO 1868 --- [    Test worker] c.e.f.repository.CommentRepositoryTest   : Started CommentRepositoryTest in 3.596 seconds (process running for 4.516)
2024-01-25T18:23:23.278+09:00 DEBUG 1868 --- [    Test worker] org.hibernate.SQL                        : 
    select
        * 
    from
        comment 
    where
        article_id = ?
Hibernate: 
    select
        * 
    from
        comment 
    where
        article_id = ?
2024-01-25T18:23:23.305+09:00 DEBUG 1868 --- [    Test worker] org.hibernate.SQL                        : 
    select
        a1_0.id,
        a1_0.content,
        a1_0.title 
    from
        article a1_0 
    where
        a1_0.id=?
Hibernate: 
    select
        a1_0.id,
        a1_0.content,
        a1_0.title 
    from
        article a1_0 
    where
        a1_0.id=?
2024-01-25T18:23:23.326+09:00 DEBUG 1868 --- [    Test worker] org.hibernate.SQL                        : 
    select
        * 
    from
        comment 
    where
        article_id = ?
Hibernate: 
    select
        * 
    from
        comment 
    where
        article_id = ?
]]></system-out>
  <system-err><![CDATA[WARNING: A Java agent has been loaded dynamically (C:\Users\ghaud\.gradle\caches\modules-2\files-2.1\net.bytebuddy\byte-buddy-agent\1.14.10\90ed94ac044ea8953b224304c762316e91fd6b31\byte-buddy-agent-1.14.10.jar)
WARNING: If a serviceability tool is in use, please run with -XX:+EnableDynamicAgentLoading to hide this warning
WARNING: If a serviceability tool is not in use, please run with -Djdk.instrument.traceUsage for more information
WARNING: Dynamic loading of agents will be disallowed by default in a future release
]]></system-err>
</testsuite>
